{"/Users/roberto/Documents/FullCycle/desafios/desafio-ci/src/index.js": {"path":"/Users/roberto/Documents/FullCycle/desafios/desafio-ci/src/index.js","statementMap":{"0":{"start":{"line":2,"column":4},"end":{"line":2,"column":36}},"1":{"start":{"line":5,"column":0},"end":{"line":5,"column":34}}},"fnMap":{"0":{"name":"concatenate","decl":{"start":{"line":1,"column":9},"end":{"line":1,"column":20}},"loc":{"start":{"line":1,"column":29},"end":{"line":3,"column":1}},"line":1}},"branchMap":{},"s":{"0":1,"1":1},"f":{"0":1},"b":{},"_coverageSchema":"1a1c01bbd47fc00a2c39e90264f33305004495a9","hash":"6b2ef24a8efed9199d416040816df36ca0ffefa2"}
}
